[1m[92m    Finished[0m ]8;;https://doc.rust-lang.org/cargo/reference/profiles.html#default-profiles\`dev` profile [unoptimized + debuginfo]]8;;\ target(s) in 0.11s
[1m[92m     Running[0m `target/debug/nflx fetch teams`
Error: Failed to fetch dataset: HTTP 404 Not Found

Stack backtrace:
   0: anyhow::error::<impl anyhow::Error>::msg
             at /home/admin/.cargo/registry/src/index.crates.io-1949cf8c6b5b557f/anyhow-1.0.102/src/backtrace.rs:10:14
   1: nflxport_core::fetcher::Fetcher::fetch
             at ./crates/nflxport-core/src/fetcher.rs:46:13
   2: nflx::main
             at ./crates/nflxport-cli/src/main.rs:66:21
   3: core::ops::function::FnOnce::call_once
             at /home/admin/.rustup/toolchains/stable-x86_64-unknown-linux-gnu/lib/rustlib/src/rust/library/core/src/ops/function.rs:250:5
   4: std::sys::backtrace::__rust_begin_short_backtrace
             at /home/admin/.rustup/toolchains/stable-x86_64-unknown-linux-gnu/lib/rustlib/src/rust/library/std/src/sys/backtrace.rs:166:18
   5: std::rt::lang_start::{{closure}}
             at /home/admin/.rustup/toolchains/stable-x86_64-unknown-linux-gnu/lib/rustlib/src/rust/library/std/src/rt.rs:206:18
   6: <&dyn core::ops::function::Fn<(), Output = i32> + core::marker::Sync + core::panic::unwind_safe::RefUnwindSafe as core::ops::function::FnOnce<()>>::call_once
             at /rustc/59807616e1fa2540724bfbac14d7976d7e4a3860/library/core/src/ops/function.rs:287:21
   7: std::panicking::catch_unwind::do_call::<&dyn core::ops::function::Fn<(), Output = i32> + core::marker::Sync + core::panic::unwind_safe::RefUnwindSafe, i32>
             at /rustc/59807616e1fa2540724bfbac14d7976d7e4a3860/library/std/src/panicking.rs:581:40
   8: std::panicking::catch_unwind::<i32, &dyn core::ops::function::Fn<(), Output = i32> + core::marker::Sync + core::panic::unwind_safe::RefUnwindSafe>
             at /rustc/59807616e1fa2540724bfbac14d7976d7e4a3860/library/std/src/panicking.rs:544:19
   9: std::panic::catch_unwind::<&dyn core::ops::function::Fn<(), Output = i32> + core::marker::Sync + core::panic::unwind_safe::RefUnwindSafe, i32>
             at /rustc/59807616e1fa2540724bfbac14d7976d7e4a3860/library/std/src/panic.rs:359:14
  10: std::rt::lang_start_internal::{closure#0}
             at /rustc/59807616e1fa2540724bfbac14d7976d7e4a3860/library/std/src/rt.rs:175:24
  11: std::panicking::catch_unwind::do_call::<std::rt::lang_start_internal::{closure#0}, isize>
             at /rustc/59807616e1fa2540724bfbac14d7976d7e4a3860/library/std/src/panicking.rs:581:40
  12: std::panicking::catch_unwind::<isize, std::rt::lang_start_internal::{closure#0}>
             at /rustc/59807616e1fa2540724bfbac14d7976d7e4a3860/library/std/src/panicking.rs:544:19
  13: std::panic::catch_unwind::<std::rt::lang_start_internal::{closure#0}, isize>
             at /rustc/59807616e1fa2540724bfbac14d7976d7e4a3860/library/std/src/panic.rs:359:14
  14: std::rt::lang_start_internal
             at /rustc/59807616e1fa2540724bfbac14d7976d7e4a3860/library/std/src/rt.rs:171:5
  15: std::rt::lang_start
             at /home/admin/.rustup/toolchains/stable-x86_64-unknown-linux-gnu/lib/rustlib/src/rust/library/std/src/rt.rs:205:5
  16: main
  17: <unknown>
  18: __libc_start_main
  19: _start
